# JRE version: OpenJDK Runtime Environment (11.0.7+10) (build 11.0.7+10-b765.65)
# Java VM: OpenJDK 64-Bit Server VM (11.0.7+10-b765.65, mixed mode, tiered, compressed oops, g1 gc, windows-amd64)
Heap:
 garbage-first heap   total 129024K, used 50232K [0x0000000082600000, 0x0000000100000000)
  region size 1024K, 47 young (48128K), 7 survivors (7168K)
 Metaspace       used 26319K, capacity 26983K, committed 27136K, reserved 1087488K
  class space    used 2970K, capacity 3246K, committed 3328K, reserved 1048576K
GC Heap History (6 events):
Event: 5.221 GC heap before
{Heap before GC invocations=0 (full 0):
 garbage-first heap   total 129024K, used 24576K [0x0000000082600000, 0x0000000100000000)
  region size 1024K, 24 young (24576K), 0 survivors (0K)
 Metaspace       used 12940K, capacity 13205K, committed 13440K, reserved 1060864K
  class space    used 1306K, capacity 1403K, committed 1408K, reserved 1048576K
}
Event: 5.236 GC heap after
{Heap after GC invocations=1 (full 0):
 garbage-first heap   total 129024K, used 7104K [0x0000000082600000, 0x0000000100000000)
  region size 1024K, 3 young (3072K), 3 survivors (3072K)
 Metaspace       used 12940K, capacity 13205K, committed 13440K, reserved 1060864K
  class space    used 1306K, capacity 1403K, committed 1408K, reserved 1048576K
}
Event: 7.225 GC heap before
{Heap before GC invocations=1 (full 0):
 garbage-first heap   total 129024K, used 79808K [0x0000000082600000, 0x0000000100000000)
  region size 1024K, 75 young (76800K), 3 survivors (3072K)
 Metaspace       used 18441K, capacity 18926K, committed 19072K, reserved 1067008K
  class space    used 1964K, capacity 2155K, committed 2176K, reserved 1048576K
}
Event: 7.245 GC heap after
{Heap after GC invocations=2 (full 0):
 garbage-first heap   total 129024K, used 9444K [0x0000000082600000, 0x0000000100000000)
  region size 1024K, 6 young (6144K), 6 survivors (6144K)
 Metaspace       used 18441K, capacity 18926K, committed 19072K, reserved 1067008K
  class space    used 1964K, capacity 2155K, committed 2176K, reserved 1048576K
}
Event: 7.656 GC heap before
{Heap before GC invocations=2 (full 0):
 garbage-first heap   total 129024K, used 24804K [0x0000000082600000, 0x0000000100000000)
  region size 1024K, 22 young (22528K), 6 survivors (6144K)
 Metaspace       used 20635K, capacity 21159K, committed 21248K, reserved 1069056K
  class space    used 2255K, capacity 2476K, committed 2560K, reserved 1048576K
}
Event: 7.669 GC heap after
{Heap after GC invocations=3 (full 0):
 garbage-first heap   total 129024K, used 10296K [0x0000000082600000, 0x0000000100000000)
  region size 1024K, 7 young (7168K), 7 survivors (7168K)
 Metaspace       used 20635K, capacity 21159K, committed 21248K, reserved 1069056K
  class space    used 2255K, capacity 2476K, committed 2560K, reserved 1048576K
}

